<?xml version="1.0" encoding="UTF-8"?>
<!-- Generated by org.testng.reporters.JUnitReportReporter -->
<testsuite hostname="DESKTOP-CCQ5338" failures="0" tests="1" name="DataDrivenExample" time="0.000" errors="0" timestamp="2023-04-26T20:49:05 IST" skipped="1">
  <testcase classname="DataDrivenExample" name="dataDriver" time="0.000">
    <skipped/>
  </testcase> <!-- dataDriver -->
  <system-out/>
</testsuite> <!-- DataDrivenExample -->
